#
# There is insufficient memory for the Java Runtime Environment to continue.
# Native memory allocation (mmap) failed to map 75497472 bytes for committing reserved memory.
# Possible reasons:
#   The system is out of physical RAM or swap space
#   The process is running with CompressedOops enabled, and the Java Heap may be blocking the growth of the native heap
# Possible solutions:
#   Reduce memory load on the system
#   Increase physical memory or swap space
#   Check if swap backing store is full
#   Decrease Java heap size (-Xmx/-Xms)
#   Decrease number of Java threads
#   Decrease Java thread stack sizes (-Xss)
#   Set larger code cache with -XX:ReservedCodeCacheSize=
# This output file may be truncated or incomplete.
#
#  Out of Memory Error (os_linux.cpp:2749), pid=13646, tid=0x00007f8f88325700
#
# JRE version:  (8.0_201-b09) (build )
# Java VM: Java HotSpot(TM) 64-Bit Server VM (25.201-b09 mixed mode linux-amd64 compressed oops)
# Failed to write core dump. Core dumps have been disabled. To enable core dumping, try "ulimit -c unlimited" before starting Java again
#

---------------  T H R E A D  ---------------

Current thread (0x00007f8f8000f000):  JavaThread "Unknown thread" [_thread_in_vm, id=13649, stack(0x00007f8f88225000,0x00007f8f88326000)]

Stack: [0x00007f8f88225000,0x00007f8f88326000],  sp=0x00007f8f883245d0,  free space=1021k
Native frames: (J=compiled Java code, j=interpreted, Vv=VM code, C=native code)
V  [libjvm.so+0xad3525]  VMError::report_and_die()+0x2e5
V  [libjvm.so+0x4e0457]  report_vm_out_of_memory(char const*, int, unsigned long, VMErrorType, char const*)+0x67
V  [libjvm.so+0x9102f0]  os::pd_commit_memory(char*, unsigned long, unsigned long, bool)+0x100
V  [libjvm.so+0x90791f]  os::commit_memory(char*, unsigned long, unsigned long, bool)+0x1f
V  [libjvm.so+0x98c806]  PSVirtualSpace::expand_by(unsigned long)+0x56
V  [libjvm.so+0x97d0bc]  PSOldGen::initialize(ReservedSpace, unsigned long, char const*, int)+0x8c
V  [libjvm.so+0x2bcfce]  AdjoiningGenerations::AdjoiningGenerations(ReservedSpace, GenerationSizer*, unsigned long)+0x2fe
V  [libjvm.so+0x93ad32]  ParallelScavengeHeap::initialize()+0x222
V  [libjvm.so+0xa9714a]  Universe::initialize_heap()+0x16a
V  [libjvm.so+0xa97433]  universe_init()+0x33
V  [libjvm.so+0x631fd0]  init_globals()+0x50
V  [libjvm.so+0xa79b69]  Threads::create_vm(JavaVMInitArgs*, bool*)+0x409
V  [libjvm.so+0x6d7b4f]  JNI_CreateJavaVM+0x4f
C  [libjli.so+0x7ee4]  JavaMain+0x84
C  [libpthread.so.0+0x76ba]  start_thread+0xca


---------------  P R O C E S S  ---------------

Java Threads: ( => current thread )

Other Threads:

=>0x00007f8f8000f000 (exited) JavaThread "Unknown thread" [_thread_in_vm, id=13649, stack(0x00007f8f88225000,0x00007f8f88326000)]

VM state:not at safepoint (not fully initialized)

VM Mutex/Monitor currently owned by a thread: None

heap address: 0x0000000094200000, size: 1726 MB, Compressed Oops mode: Non-zero based:0x00000000941ff000
Narrow klass base: 0x0000000000000000, Narrow klass shift: 0

GC Heap History (0 events):
No events

Deoptimization events (0 events):
No events

Classes redefined (0 events):
No events

Internal exceptions (0 events):
No events

Events (0 events):
No events


Dynamic libraries:
00400000-00401000 r-xp 00000000 08:12 3154263                            /usr/lib/jvm/java-8-oracle/jre/bin/java
00600000-00601000 r--p 00000000 08:12 3154263                            /usr/lib/jvm/java-8-oracle/jre/bin/java
00601000-00602000 rw-p 00001000 08:12 3154263                            /usr/lib/jvm/java-8-oracle/jre/bin/java
0249e000-024bf000 rw-p 00000000 00:00 0                                  [heap]
98a00000-dc100000 ---p 00000000 00:00 0 
dc100000-de500000 rw-p 00000000 00:00 0 
de500000-100000000 ---p 00000000 00:00 0 
7f8f71000000-7f8f71270000 rwxp 00000000 00:00 0 
7f8f71270000-7f8f80000000 ---p 00000000 00:00 0 
7f8f80000000-7f8f8003a000 rw-p 00000000 00:00 0 
7f8f8003a000-7f8f84000000 ---p 00000000 00:00 0 
7f8f849d7000-7f8f84c6c000 rw-p 00000000 00:00 0 
7f8f84c6c000-7f8f84eab000 ---p 00000000 00:00 0 
7f8f84eab000-7f8f84ebe000 rw-p 00000000 00:00 0 
7f8f84ebe000-7f8f84fcb000 ---p 00000000 00:00 0 
7f8f84fcb000-7f8f84fd6000 rw-p 00000000 00:00 0 
7f8f84fd6000-7f8f8538c000 ---p 00000000 00:00 0 
7f8f8538c000-7f8f853a7000 r-xp 00000000 08:12 3155993                    /usr/lib/jvm/java-8-oracle/jre/lib/amd64/libzip.so
7f8f853a7000-7f8f855a6000 ---p 0001b000 08:12 3155993                    /usr/lib/jvm/java-8-oracle/jre/lib/amd64/libzip.so
7f8f855a6000-7f8f855a7000 r--p 0001a000 08:12 3155993                    /usr/lib/jvm/java-8-oracle/jre/lib/amd64/libzip.so
7f8f855a7000-7f8f855a8000 rw-p 0001b000 08:12 3155993                    /usr/lib/jvm/java-8-oracle/jre/lib/amd64/libzip.so
7f8f855a8000-7f8f855b3000 r-xp 00000000 08:12 2359528                    /lib/x86_64-linux-gnu/libnss_files-2.23.so
7f8f855b3000-7f8f857b2000 ---p 0000b000 08:12 2359528                    /lib/x86_64-linux-gnu/libnss_files-2.23.so
7f8f857b2000-7f8f857b3000 r--p 0000a000 08:12 2359528                    /lib/x86_64-linux-gnu/libnss_files-2.23.so
7f8f857b3000-7f8f857b4000 rw-p 0000b000 08:12 2359528                    /lib/x86_64-linux-gnu/libnss_files-2.23.so
7f8f857b4000-7f8f857ba000 rw-p 00000000 00:00 0 
7f8f857ba000-7f8f857c5000 r-xp 00000000 08:12 2359521                    /lib/x86_64-linux-gnu/libnss_nis-2.23.so
7f8f857c5000-7f8f859c4000 ---p 0000b000 08:12 2359521                    /lib/x86_64-linux-gnu/libnss_nis-2.23.so
7f8f859c4000-7f8f859c5000 r--p 0000a000 08:12 2359521                    /lib/x86_64-linux-gnu/libnss_nis-2.23.so
7f8f859c5000-7f8f859c6000 rw-p 0000b000 08:12 2359521                    /lib/x86_64-linux-gnu/libnss_nis-2.23.so
7f8f859c6000-7f8f859dc000 r-xp 00000000 08:12 2359526                    /lib/x86_64-linux-gnu/libnsl-2.23.so
7f8f859dc000-7f8f85bdb000 ---p 00016000 08:12 2359526                    /lib/x86_64-linux-gnu/libnsl-2.23.so
7f8f85bdb000-7f8f85bdc000 r--p 00015000 08:12 2359526                    /lib/x86_64-linux-gnu/libnsl-2.23.so
7f8f85bdc000-7f8f85bdd000 rw-p 00016000 08:12 2359526                    /lib/x86_64-linux-gnu/libnsl-2.23.so
7f8f85bdd000-7f8f85bdf000 rw-p 00000000 00:00 0 
7f8f85bdf000-7f8f85be7000 r-xp 00000000 08:12 2359532                    /lib/x86_64-linux-gnu/libnss_compat-2.23.so
7f8f85be7000-7f8f85de6000 ---p 00008000 08:12 2359532                    /lib/x86_64-linux-gnu/libnss_compat-2.23.so
7f8f85de6000-7f8f85de7000 r--p 00007000 08:12 2359532                    /lib/x86_64-linux-gnu/libnss_compat-2.23.so
7f8f85de7000-7f8f85de8000 rw-p 00008000 08:12 2359532                    /lib/x86_64-linux-gnu/libnss_compat-2.23.so
7f8f85de8000-7f8f85e14000 r-xp 00000000 08:12 3155955                    /usr/lib/jvm/java-8-oracle/jre/lib/amd64/libjava.so
7f8f85e14000-7f8f86014000 ---p 0002c000 08:12 3155955                    /usr/lib/jvm/java-8-oracle/jre/lib/amd64/libjava.so
7f8f86014000-7f8f86015000 r--p 0002c000 08:12 3155955                    /usr/lib/jvm/java-8-oracle/jre/lib/amd64/libjava.so
7f8f86015000-7f8f86017000 rw-p 0002d000 08:12 3155955                    /usr/lib/jvm/java-8-oracle/jre/lib/amd64/libjava.so
7f8f86017000-7f8f86024000 r-xp 00000000 08:12 3155992                    /usr/lib/jvm/java-8-oracle/jre/lib/amd64/libverify.so
7f8f86024000-7f8f86223000 ---p 0000d000 08:12 3155992                    /usr/lib/jvm/java-8-oracle/jre/lib/amd64/libverify.so
7f8f86223000-7f8f86225000 r--p 0000c000 08:12 3155992                    /usr/lib/jvm/java-8-oracle/jre/lib/amd64/libverify.so
7f8f86225000-7f8f86226000 rw-p 0000e000 08:12 3155992                    /usr/lib/jvm/java-8-oracle/jre/lib/amd64/libverify.so
7f8f86226000-7f8f8622d000 r-xp 00000000 08:12 2359386                    /lib/x86_64-linux-gnu/librt-2.23.so
7f8f8622d000-7f8f8642c000 ---p 00007000 08:12 2359386                    /lib/x86_64-linux-gnu/librt-2.23.so
7f8f8642c000-7f8f8642d000 r--p 00006000 08:12 2359386                    /lib/x86_64-linux-gnu/librt-2.23.so
7f8f8642d000-7f8f8642e000 rw-p 00007000 08:12 2359386                    /lib/x86_64-linux-gnu/librt-2.23.so
7f8f8642e000-7f8f86536000 r-xp 00000000 08:12 2359534                    /lib/x86_64-linux-gnu/libm-2.23.so
7f8f86536000-7f8f86735000 ---p 00108000 08:12 2359534                    /lib/x86_64-linux-gnu/libm-2.23.so
7f8f86735000-7f8f86736000 r--p 00107000 08:12 2359534                    /lib/x86_64-linux-gnu/libm-2.23.so
7f8f86736000-7f8f86737000 rw-p 00108000 08:12 2359534                    /lib/x86_64-linux-gnu/libm-2.23.so
7f8f86737000-7f8f8741f000 r-xp 00000000 08:12 3155879                    /usr/lib/jvm/java-8-oracle/jre/lib/amd64/server/libjvm.so
7f8f8741f000-7f8f8761e000 ---p 00ce8000 08:12 3155879                    /usr/lib/jvm/java-8-oracle/jre/lib/amd64/server/libjvm.so
7f8f8761e000-7f8f876b4000 r--p 00ce7000 08:12 3155879                    /usr/lib/jvm/java-8-oracle/jre/lib/amd64/server/libjvm.so
7f8f876b4000-7f8f876e5000 rw-p 00d7d000 08:12 3155879                    /usr/lib/jvm/java-8-oracle/jre/lib/amd64/server/libjvm.so
7f8f876e5000-7f8f87720000 rw-p 00000000 00:00 0 
7f8f87720000-7f8f878e0000 r-xp 00000000 08:12 2359531                    /lib/x86_64-linux-gnu/libc-2.23.so
7f8f878e0000-7f8f87ae0000 ---p 001c0000 08:12 2359531                    /lib/x86_64-linux-gnu/libc-2.23.so
7f8f87ae0000-7f8f87ae4000 r--p 001c0000 08:12 2359531                    /lib/x86_64-linux-gnu/libc-2.23.so
7f8f87ae4000-7f8f87ae6000 rw-p 001c4000 08:12 2359531                    /lib/x86_64-linux-gnu/libc-2.23.so
7f8f87ae6000-7f8f87aea000 rw-p 00000000 00:00 0 
7f8f87aea000-7f8f87aed000 r-xp 00000000 08:12 2359388                    /lib/x86_64-linux-gnu/libdl-2.23.so
7f8f87aed000-7f8f87cec000 ---p 00003000 08:12 2359388                    /lib/x86_64-linux-gnu/libdl-2.23.so
7f8f87cec000-7f8f87ced000 r--p 00002000 08:12 2359388                    /lib/x86_64-linux-gnu/libdl-2.23.so
7f8f87ced000-7f8f87cee000 rw-p 00003000 08:12 2359388                    /lib/x86_64-linux-gnu/libdl-2.23.so
7f8f87cee000-7f8f87d05000 r-xp 00000000 08:12 3155870                    /usr/lib/jvm/java-8-oracle/jre/lib/amd64/jli/libjli.so
7f8f87d05000-7f8f87f04000 ---p 00017000 08:12 3155870                    /usr/lib/jvm/java-8-oracle/jre/lib/amd64/jli/libjli.so
7f8f87f04000-7f8f87f05000 r--p 00016000 08:12 3155870                    /usr/lib/jvm/java-8-oracle/jre/lib/amd64/jli/libjli.so
7f8f87f05000-7f8f87f06000 rw-p 00017000 08:12 3155870                    /usr/lib/jvm/java-8-oracle/jre/lib/amd64/jli/libjli.so
7f8f87f06000-7f8f87f1e000 r-xp 00000000 08:12 2359518                    /lib/x86_64-linux-gnu/libpthread-2.23.so
7f8f87f1e000-7f8f8811d000 ---p 00018000 08:12 2359518                    /lib/x86_64-linux-gnu/libpthread-2.23.so
7f8f8811d000-7f8f8811e000 r--p 00017000 08:12 2359518                    /lib/x86_64-linux-gnu/libpthread-2.23.so
7f8f8811e000-7f8f8811f000 rw-p 00018000 08:12 2359518                    /lib/x86_64-linux-gnu/libpthread-2.23.so
7f8f8811f000-7f8f88123000 rw-p 00000000 00:00 0 
7f8f88123000-7f8f88149000 r-xp 00000000 08:12 2359389                    /lib/x86_64-linux-gnu/ld-2.23.so
7f8f88225000-7f8f88228000 ---p 00000000 00:00 0 
7f8f88228000-7f8f8832b000 rw-p 00000000 00:00 0 
7f8f8833e000-7f8f88346000 rw-s 00000000 08:12 4608653                    /tmp/hsperfdata_pedrex/13646
7f8f88346000-7f8f88347000 rw-p 00000000 00:00 0 
7f8f88347000-7f8f88348000 r--p 00000000 00:00 0 
7f8f88348000-7f8f88349000 r--p 00025000 08:12 2359389                    /lib/x86_64-linux-gnu/ld-2.23.so
7f8f88349000-7f8f8834a000 rw-p 00026000 08:12 2359389                    /lib/x86_64-linux-gnu/ld-2.23.so
7f8f8834a000-7f8f8834b000 rw-p 00000000 00:00 0 
7ffd9498f000-7ffd949b2000 rw-p 00000000 00:00 0                          [stack]
7ffd949d7000-7ffd949da000 r--p 00000000 00:00 0                          [vvar]
7ffd949da000-7ffd949dc000 r-xp 00000000 00:00 0                          [vdso]
ffffffffff600000-ffffffffff601000 r-xp 00000000 00:00 0                  [vsyscall]

VM Arguments:
java_command: org.jetbrains.kotlin.cli.jvm.K2JVMCompiler -Xallow-no-source-files -classpath /home/pedrex/.gradle/caches/transforms-2/files-2.1/8017bea18c774b4b70b9e09944765a1d/databinding-adapters-3.5.0/jars/classes.jar:/home/pedrex/.gradle/caches/transforms-2/files-2.1/f7f501075e57ac7266e222d9d3e654b1/databinding-runtime-3.5.0/jars/classes.jar:/home/pedrex/.gradle/caches/modules-2/files-2.1/androidx.databinding/databinding-common/3.5.0/ad17a14009fa4322bf1f90fd8ca631992e5d667f/databinding-common-3.5.0.jar:/home/pedrex/.gradle/caches/transforms-2/files-2.1/0e0657b010c2b55411a6867b4e16aae0/material-1.1.0-alpha10/jars/classes.jar:/home/pedrex/.gradle/caches/transforms-2/files-2.1/5ea0b29cb75204746db73749dcd594c6/appcompat-1.1.0/jars/classes.jar:/home/pedrex/.gradle/caches/transforms-2/files-2.1/e9e28303271675cf1ee0fa098d9bf192/core-ktx-1.1.0/jars/classes.jar:/home/pedrex/.gradle/caches/transforms-2/files-2.1/b2ce4006e082f883efa83c899603627e/viewpager2-1.0.0-beta03/jars/classes.jar:/home/pedrex/.gradle/caches/transforms-2/files-2.1/c4f1ba644f7fb2a4127efbe45e461ebb/fragment-1.1.0/jars/classes.jar:/home/pedrex/.gradle/caches/transforms-2/files-2.1/b4298bb4537874cbc59d2654e95f80d4/appcompat-resources-1.1.0/jars/classes.jar:/home/pedrex/.gradle/caches/transforms-2/files-2.1/0e7c68274fb8b28cc0414eb5b896e448/drawerlayout-1.0.0/jars/classes.jar:/home/pedrex/.gradle/caches/transforms-2/files-2.1/0d1108e14fd6919c5fdb8be3f41c749c/coordinatorlayout-1.1.0-beta01/jars/classes.jar:/home/pedrex/.gradle/caches/transforms-2/files-2.1/ea33cbe4fe3a49cf611050916879bfd8/transition-1.0.1/jars/classes.jar:/home/pedrex/.gradle/caches/transforms-2/files-2.1/8859cba3dd8085149d8fad52d2881a71/vectordrawable-animated-1.1.0/jars/classes.jar:/home/pedrex/.gradle/caches/transforms-2/files-2.1/b334d927c7826de0bdd4284376c0771a/vectordrawable-1.1.0/jars/classes.jar:/home/pedrex/.gradle/caches/transforms-2/files-2.1/01b1a62468323e316b2867bc5d2b13a7/recyclerview-1.1.0-beta01/jars/classes.jar:/home/pedrex
java_class_path (initial): /home/pedrex/.gradle/caches/modules-2/files-2.1/org.jetbrains.kotlin/kotlin-compiler-embeddable/1.3.50/1251c1768e5769b06c2487d6f6cf8acf6efb8960/kotlin-compiler-embeddable-1.3.50.jar:/home/pedrex/.gradle/caches/modules-2/files-2.1/org.jetbrains.kotlin/kotlin-reflect/1.3.50/b499f22fd7c3e9c2e5b6c4005221fa47fc7f9a7a/kotlin-reflect-1.3.50.jar:/home/pedrex/.gradle/caches/modules-2/files-2.1/org.jetbrains.kotlin/kotlin-stdlib/1.3.50/b529d1738c7e98bbfa36a4134039528f2ce78ebf/kotlin-stdlib-1.3.50.jar:/home/pedrex/.gradle/caches/modules-2/files-2.1/org.jetbrains.kotlin/kotlin-script-runtime/1.3.50/59492b8dfb92522ba0ddb5dd1c4d0ef0a4fca1af/kotlin-script-runtime-1.3.50.jar:/home/pedrex/.gradle/caches/modules-2/files-2.1/org.jetbrains.kotlin/kotlin-daemon-embeddable/1.3.50/5cb93bb33f4c6f833ead0beca4c831668e00cf52/kotlin-daemon-embeddable-1.3.50.jar:/home/pedrex/.gradle/caches/modules-2/files-2.1/org.jetbrains.intellij.deps/trove4j/1.0.20181211/216c2e14b070f334479d800987affe4054cd563f/trove4j-1.0.20181211.jar:/home/pedrex/.gradle/caches/modules-2/files-2.1/org.jetbrains.kotlin/kotlin-stdlib-common/1.3.50/3d9cd3e1bc7b92e95f43d45be3bfbcf38e36ab87/kotlin-stdlib-common-1.3.50.jar:/home/pedrex/.gradle/caches/modules-2/files-2.1/org.jetbrains/annotations/13.0/919f0dfe192fb4e063e7dacadee7f8bb9a2672a9/annotations-13.0.jar:/usr/lib/jvm/java-8-oracle/lib/tools.jar
Launcher Type: SUN_STANDARD

Environment Variables:
JAVA_HOME=/usr/lib/jvm/java-8-oracle
PATH=/home/pedrex/bin:/home/pedrex/.local/bin:/usr/local/sbin:/usr/local/bin:/usr/sbin:/usr/bin:/sbin:/bin:/usr/games:/usr/local/games:/snap/bin:/usr/lib/jvm/java-8-oracle/bin:/usr/lib/jvm/java-8-oracle/db/bin:/usr/lib/jvm/java-8-oracle/jre/bin:~/development/flutter/bin
USERNAME=pedrex
SHELL=/bin/bash
DISPLAY=:0

Signal Handlers:
SIGSEGV: [libjvm.so+0xad3e60], sa_mask[0]=11111111011111111101111111111110, sa_flags=SA_RESTART|SA_SIGINFO
SIGBUS: [libjvm.so+0xad3e60], sa_mask[0]=11111111011111111101111111111110, sa_flags=SA_RESTART|SA_SIGINFO
SIGFPE: [libjvm.so+0x90b880], sa_mask[0]=11111111011111111101111111111110, sa_flags=SA_RESTART|SA_SIGINFO
SIGPIPE: [libjvm.so+0x90b880], sa_mask[0]=11111111011111111101111111111110, sa_flags=SA_RESTART|SA_SIGINFO
SIGXFSZ: [libjvm.so+0x90b880], sa_mask[0]=11111111011111111101111111111110, sa_flags=SA_RESTART|SA_SIGINFO
SIGILL: [libjvm.so+0x90b880], sa_mask[0]=11111111011111111101111111111110, sa_flags=SA_RESTART|SA_SIGINFO
SIGUSR1: SIG_DFL, sa_mask[0]=00000000000000000000000000000000, sa_flags=none
SIGUSR2: [libjvm.so+0x90b750], sa_mask[0]=00100000000000000000000000000000, sa_flags=SA_RESTART|SA_SIGINFO
SIGHUP: SIG_DFL, sa_mask[0]=00000000000000000000000000000000, sa_flags=none
SIGINT: SIG_DFL, sa_mask[0]=00000000000000000000000000000000, sa_flags=none
SIGTERM: SIG_DFL, sa_mask[0]=00000000000000000000000000000000, sa_flags=none
SIGQUIT: SIG_DFL, sa_mask[0]=00000000000000000000000000000000, sa_flags=none


---------------  S Y S T E M  ---------------

OS:DISTRIB_ID=Ubuntu
DISTRIB_RELEASE=16.04
DISTRIB_CODENAME=xenial
DISTRIB_DESCRIPTION="Ubuntu 16.04.6 LTS"

uname:Linux 4.15.0-65-generic #74~16.04.1-Ubuntu SMP Wed Sep 18 09:51:44 UTC 2019 x86_64
libc:glibc 2.23 NPTL 2.23 
rlimit: STACK 8192k, CORE 0k, NPROC 26539, NOFILE 1048576, AS infinity
load average:8.82 3.74 2.11

/proc/meminfo:
MemTotal:        7065732 kB
MemFree:          126764 kB
MemAvailable:      32468 kB
Buffers:             764 kB
Cached:           328692 kB
SwapCached:         2196 kB
Active:          5833584 kB
Inactive:         848516 kB
Active(anon):    5821300 kB
Inactive(anon):   831892 kB
Active(file):      12284 kB
Inactive(file):    16624 kB
Unevictable:          64 kB
Mlocked:              64 kB
SwapTotal:        999420 kB
SwapFree:              0 kB
Dirty:               480 kB
Writeback:             0 kB
AnonPages:       6351532 kB
Mapped:            99532 kB
Shmem:            299900 kB
Slab:             113076 kB
SReclaimable:      55100 kB
SUnreclaim:        57976 kB
KernelStack:       13136 kB
PageTables:        65676 kB
NFS_Unstable:          0 kB
Bounce:                0 kB
WritebackTmp:          0 kB
CommitLimit:     4532284 kB
Committed_AS:   13235352 kB
VmallocTotal:   34359738367 kB
VmallocUsed:           0 kB
VmallocChunk:          0 kB
HardwareCorrupted:     0 kB
AnonHugePages:         0 kB
ShmemHugePages:        0 kB
ShmemPmdMapped:        0 kB
CmaTotal:              0 kB
CmaFree:               0 kB
HugePages_Total:       0
HugePages_Free:        0
HugePages_Rsvd:        0
HugePages_Surp:        0
Hugepagesize:       2048 kB
DirectMap4k:      230684 kB
DirectMap2M:     7038976 kB
DirectMap1G:           0 kB

container (cgroup) information:
container_type: cgroupv1
cpu_cpuset_cpus: 0-3
cpu_memory_nodes: 0
active_processor_count: 4
cpu_quota: -1
cpu_period: 100000
cpu_shares: -1
memory_limit_in_bytes: -1
memory_and_swap_limit_in_bytes: -2
memory_soft_limit_in_bytes: -1
memory_usage_in_bytes: 6844461056
memory_max_usage_in_bytes: 0


CPU:total 4 (initial active 4) (2 cores per cpu, 2 threads per core) family 6 model 158 stepping 9, cmov, cx8, fxsr, mmx, sse, sse2, sse3, ssse3, sse4.1, sse4.2, popcnt, avx, avx2, aes, clmul, erms, 3dnowpref, lzcnt, ht, tsc, tscinvbit, bmi1, bmi2, adx

/proc/cpuinfo:
processor	: 0
vendor_id	: GenuineIntel
cpu family	: 6
model		: 158
model name	: Intel(R) Core(TM) i3-7100 CPU @ 3.90GHz
stepping	: 9
microcode	: 0xb4
cpu MHz		: 1529.616
cache size	: 3072 KB
physical id	: 0
siblings	: 4
core id		: 0
cpu cores	: 2
apicid		: 0
initial apicid	: 0
fpu		: yes
fpu_exception	: yes
cpuid level	: 22
wp		: yes
flags		: fpu vme de pse tsc msr pae mce cx8 apic sep mtrr pge mca cmov pat pse36 clflush dts acpi mmx fxsr sse sse2 ss ht tm pbe syscall nx pdpe1gb rdtscp lm constant_tsc art arch_perfmon pebs bts rep_good nopl xtopology nonstop_tsc cpuid aperfmperf tsc_known_freq pni pclmulqdq dtes64 monitor ds_cpl vmx est tm2 ssse3 sdbg fma cx16 xtpr pdcm pcid sse4_1 sse4_2 x2apic movbe popcnt tsc_deadline_timer aes xsave avx f16c rdrand lahf_lm abm 3dnowprefetch cpuid_fault invpcid_single pti ssbd ibrs ibpb stibp tpr_shadow vnmi flexpriority ept vpid fsgsbase tsc_adjust bmi1 avx2 smep bmi2 erms invpcid mpx rdseed adx smap clflushopt intel_pt xsaveopt xsavec xgetbv1 xsaves dtherm arat pln pts hwp hwp_notify hwp_act_window hwp_epp md_clear flush_l1d
bugs		: cpu_meltdown spectre_v1 spectre_v2 spec_store_bypass l1tf mds swapgs
bogomips	: 7824.00
clflush size	: 64
cache_alignment	: 64
address sizes	: 39 bits physical, 48 bits virtual
power management:

processor	: 1
vendor_id	: GenuineIntel
cpu family	: 6
model		: 158
model name	: Intel(R) Core(TM) i3-7100 CPU @ 3.90GHz
stepping	: 9
microcode	: 0xb4
cpu MHz		: 1687.663
cache size	: 3072 KB
physical id	: 0
siblings	: 4
core id		: 1
cpu cores	: 2
apicid		: 2
initial apicid	: 2
fpu		: yes
fpu_exception	: yes
cpuid level	: 22
wp		: yes
flags		: fpu vme de pse tsc msr pae mce cx8 apic sep mtrr pge mca cmov pat pse36 clflush dts acpi mmx fxsr sse sse2 ss ht tm pbe syscall nx pdpe1gb rdtscp lm constant_tsc art arch_perfmon pebs bts rep_good nopl xtopology nonstop_tsc cpuid aperfmperf tsc_known_freq pni pclmulqdq dtes64 monitor ds_cpl vmx est tm2 ssse3 sdbg fma cx16 xtpr pdcm pcid sse4_1 sse4_2 x2apic movbe popcnt tsc_deadline_timer aes xsave avx f16c rdrand lahf_lm abm 3dnowprefetch cpuid_fault invpcid_single pti ssbd ibrs ibpb stibp tpr_shadow vnmi flexpriority ept vpid fsgsbase tsc_adjust bmi1 avx2 smep bmi2 erms invpcid mpx rdseed adx smap clflushopt intel_pt xsaveopt xsavec xgetbv1 xsaves dtherm arat pln pts hwp hwp_notify hwp_act_window hwp_epp md_clear flush_l1d
bugs		: cpu_meltdown spectre_v1 spectre_v2 spec_store_bypass l1tf mds swapgs
bogomips	: 7824.00
clflush size	: 64
cache_alignment	: 64
address sizes	: 39 bits physical, 48 bits virtual
power management:

processor	: 2
vendor_id	: GenuineIntel
cpu family	: 6
model		: 158
model name	: Intel(R) Core(TM) i3-7100 CPU @ 3.90GHz
stepping	: 9
microcode	: 0xb4
cpu MHz		: 1759.457
cache size	: 3072 KB
physical id	: 0
siblings	: 4
core id		: 0
cpu cores	: 2
apicid		: 1
initial apicid	: 1
fpu		: yes
fpu_exception	: yes
cpuid level	: 22
wp		: yes
flags		: fpu vme de pse tsc msr pae mce cx8 apic sep mtrr pge mca cmov pat pse36 clflush dts acpi mmx fxsr sse sse2 ss ht tm pbe syscall nx pdpe1gb rdtscp lm constant_tsc art arch_perfmon pebs bts rep_good nopl xtopology nonstop_tsc cpuid aperfmperf tsc_known_freq pni pclmulqdq dtes64 monitor ds_cpl vmx est tm2 ssse3 sdbg fma cx16 xtpr pdcm pcid sse4_1 sse4_2 x2apic movbe popcnt tsc_deadline_timer aes xsave avx f16c rdrand lahf_lm abm 3dnowprefetch cpuid_fault invpcid_single pti ssbd ibrs ibpb stibp tpr_shadow vnmi flexpriority ept vpid fsgsbase tsc_adjust bmi1 avx2 smep bmi2 erms invpcid mpx rdseed adx smap clflushopt intel_pt xsaveopt xsavec xgetbv1 xsaves dtherm arat pln pts hwp hwp_notify hwp_act_window hwp_epp md_clear flush_l1d
bugs		: cpu_meltdown spectre_v1 spectre_v2 spec_store_bypass l1tf mds swapgs
bogomips	: 7824.00
clflush size	: 64
cache_alignment	: 64
address sizes	: 39 bits physical, 48 bits virtual
power management:

processor	: 3
vendor_id	: GenuineIntel
cpu family	: 6
model		: 158
model name	: Intel(R) Core(TM) i3-7100 CPU @ 3.90GHz
stepping	: 9
microcode	: 0xb4
cpu MHz		: 1736.268
cache size	: 3072 KB
physical id	: 0
siblings	: 4
core id		: 1
cpu cores	: 2
apicid		: 3
initial apicid	: 3
fpu		: yes
fpu_exception	: yes
cpuid level	: 22
wp		: yes
flags		: fpu vme de pse tsc msr pae mce cx8 apic sep mtrr pge mca cmov pat pse36 clflush dts acpi mmx fxsr sse sse2 ss ht tm pbe syscall nx pdpe1gb rdtscp lm constant_tsc art arch_perfmon pebs bts rep_good nopl xtopology nonstop_tsc cpuid aperfmperf tsc_known_freq pni pclmulqdq dtes64 monitor ds_cpl vmx est tm2 ssse3 sdbg fma cx16 xtpr pdcm pcid sse4_1 sse4_2 x2apic movbe popcnt tsc_deadline_timer aes xsave avx f16c rdrand lahf_lm abm 3dnowprefetch cpuid_fault invpcid_single pti ssbd ibrs ibpb stibp tpr_shadow vnmi flexpriority ept vpid fsgsbase tsc_adjust bmi1 avx2 smep bmi2 erms invpcid mpx rdseed adx smap clflushopt intel_pt xsaveopt xsavec xgetbv1 xsaves dtherm arat pln pts hwp hwp_notify hwp_act_window hwp_epp md_clear flush_l1d
bugs		: cpu_meltdown spectre_v1 spectre_v2 spec_store_bypass l1tf mds swapgs
bogomips	: 7824.00
clflush size	: 64
cache_alignment	: 64
address sizes	: 39 bits physical, 48 bits virtual
power management:



Memory: 4k page, physical 7065732k(120192k free), swap 999420k(0k free)

vm_info: Java HotSpot(TM) 64-Bit Server VM (25.201-b09) for linux-amd64 JRE (1.8.0_201-b09), built on Dec 15 2018 11:35:59 by "java_re" with gcc 7.3.0

time: Fri Oct  4 07:32:32 2019
timezone: -03
elapsed time: 0 seconds (0d 0h 0m 0s)

